  pch.cpp
  CCustomDlg.cpp
  CDeleteDlg.cpp
  CDeleteTab1.cpp
  CDeleteTab2.cpp
  CDeleteTab3.cpp
  CDeleteTab4.cpp
  CInsertDlg.cpp
  CODBC.cpp
  CSchemaDlg.cpp
  CSelectDlg.cpp
  CSelectTab1.cpp
  CSelectTab2.cpp
  CSelectTab3.cpp
  CSelectTab4.cpp
  CSelectTab5.cpp
  CSelectTab6.cpp
  CUpdateDlg.cpp
  CUpdateTab1.cpp
c:\users\dm\source\repos\miniproject\miniproject\cupdatetab1.cpp(150): warning C4244: '초기화 중': 'WPARAM'에서 'UINT'(으)로 변환하면서 데이터가 손실될 수 있습니다.
  CUpdateTab2.cpp
  CUpdateTab3.cpp
  코드를 생성하고 있습니다...
  컴파일하고 있습니다...
  CUpdateTab4.cpp
  MiniProject.cpp
  MiniProjectDlg.cpp
  코드를 생성하고 있습니다...
  MiniProject.vcxproj -> C:\Users\DM\source\repos\MiniProject\x64\Debug\MiniProject.exe
